<?xml version="1.0" encoding="UTF-8"?>
<checkstyle version="6.11.2">
<file name="D:\Documents\openclassrooms formation\P6\P6_escalade_web\P6_structure\warez_escalade\warez_escalade_technical\src\main\java\oc\P6\escalade\technical\App.java">
<error line="1" column="9" severity="error" message="Le nom &apos;oc.P6.escalade.technical&apos; n&apos;est pas conforme à l&apos;expression &apos;^([a-z][a-zA-Z0-9]*)+(\.[a-z][a-zA-Z0-9]*)*$&apos;." source="com.puppycrawl.tools.checkstyle.checks.naming.PackageNameCheck"/>
<error line="7" column="1" severity="info" message="Les classes utilitaires ne doivent pas avoir de constructeur par défaut ou public." source="com.puppycrawl.tools.checkstyle.checks.design.HideUtilityClassConstructorCheck"/>
<error line="8" column="1" severity="error" message="&apos;{&apos; à la colonne 1 devrait être sur la ligne précédente." source="com.puppycrawl.tools.checkstyle.checks.blocks.LeftCurlyCheck"/>
<error line="9" column="29" severity="error" message="Il y a une espace de trop après  &apos;(&apos;." source="com.puppycrawl.tools.checkstyle.checks.whitespace.ParenPadCheck"/>
<error line="9" column="39" severity="info" message="Le nom &apos;args&apos; n&apos;est pas conforme à l&apos;expression &apos;^p[A-Z][a-zA-Z0-9]*$&apos;." source="com.puppycrawl.tools.checkstyle.checks.naming.ParameterNameCheck"/>
<error line="9" column="43" severity="error" message="Il y a une espace de trop avant &apos;)&apos;." source="com.puppycrawl.tools.checkstyle.checks.whitespace.ParenPadCheck"/>
<error line="10" column="5" severity="error" message="&apos;{&apos; à la colonne 5 devrait être sur la ligne précédente." source="com.puppycrawl.tools.checkstyle.checks.blocks.LeftCurlyCheck"/>
<error line="11" severity="error" message="Lutilisation des System.out.print... est interdite." source="com.puppycrawl.tools.checkstyle.checks.regexp.RegexpSinglelineJavaCheck"/>
<error line="11" column="28" severity="error" message="Il y a une espace de trop après  &apos;(&apos;." source="com.puppycrawl.tools.checkstyle.checks.whitespace.ParenPadCheck"/>
<error line="11" column="43" severity="error" message="Il y a une espace de trop avant &apos;)&apos;." source="com.puppycrawl.tools.checkstyle.checks.whitespace.ParenPadCheck"/>
</file>
</checkstyle>
